d:\项目\led2017\led2017资料\spectraarsenalemission\spectraarsenalemission\spectraarsenalemission\release\spectraarsenalemission.pch
d:\项目\led2017\led2017资料\spectraarsenalemission\spectraarsenalemission\spectraarsenalemission\release\vc140.pdb
d:\项目\led2017\led2017资料\spectraarsenalemission\spectraarsenalemission\spectraarsenalemission\release\stdafx.obj
d:\项目\led2017\led2017资料\spectraarsenalemission\spectraarsenalemission\spectraarsenalemission\release\spectraarsenalemission.obj
d:\项目\led2017\led2017资料\spectraarsenalemission\spectraarsenalemission\release\spectraarsenalemission.dll
d:\项目\led2017\led2017资料\spectraarsenalemission\spectraarsenalemission\release\spectraarsenalemission.ipdb
d:\项目\led2017\led2017资料\spectraarsenalemission\spectraarsenalemission\release\spectraarsenalemission.iobj
d:\项目\led2017\led2017资料\spectraarsenalemission\spectraarsenalemission\release\spectraarsenalemission.pdb
d:\项目\led2017\led2017资料\spectraarsenalemission\spectraarsenalemission\spectraarsenalemission\release\spectraarsenalemission.res
d:\项目\led2017\led2017资料\spectraarsenalemission\spectraarsenalemission\release\spectraarsenalemission.lib
d:\项目\led2017\led2017资料\spectraarsenalemission\spectraarsenalemission\release\spectraarsenalemission.exp
d:\项目\led2017\led2017资料\spectraarsenalemission\spectraarsenalemission\spectraarsenalemission\release\spectraa.2716c8a7.tlog\cl.command.1.tlog
d:\项目\led2017\led2017资料\spectraarsenalemission\spectraarsenalemission\spectraarsenalemission\release\spectraa.2716c8a7.tlog\cl.read.1.tlog
d:\项目\led2017\led2017资料\spectraarsenalemission\spectraarsenalemission\spectraarsenalemission\release\spectraa.2716c8a7.tlog\cl.write.1.tlog
d:\项目\led2017\led2017资料\spectraarsenalemission\spectraarsenalemission\spectraarsenalemission\release\spectraa.2716c8a7.tlog\link.command.1.tlog
d:\项目\led2017\led2017资料\spectraarsenalemission\spectraarsenalemission\spectraarsenalemission\release\spectraa.2716c8a7.tlog\link.read.1.tlog
d:\项目\led2017\led2017资料\spectraarsenalemission\spectraarsenalemission\spectraarsenalemission\release\spectraa.2716c8a7.tlog\link.write.1.tlog
d:\项目\led2017\led2017资料\spectraarsenalemission\spectraarsenalemission\spectraarsenalemission\release\spectraa.2716c8a7.tlog\rc.command.1.tlog
d:\项目\led2017\led2017资料\spectraarsenalemission\spectraarsenalemission\spectraarsenalemission\release\spectraa.2716c8a7.tlog\rc.read.1.tlog
d:\项目\led2017\led2017资料\spectraarsenalemission\spectraarsenalemission\spectraarsenalemission\release\spectraa.2716c8a7.tlog\rc.write.1.tlog
d:\项目\led2017\led2017资料\spectraarsenalemission\spectraarsenalemission\spectraarsenalemission\release\spectraa.2716c8a7.tlog\spectraarsenalemission.write.1u.tlog
