[2010-05-12 08:45:30]获取光谱数据异常！Access violation at address 6D6CB426 in module 'jvm.dll'. Read of address 00000000
[2010-05-12 08:46:56]获取光谱数据异常！Access violation at address 6D6CB426 in module 'jvm.dll'. Read of address 00000000
[2010-05-12 08:47:33]获取光谱数据异常！Access violation at address 6D6CB426 in module 'jvm.dll'. Read of address 00000000
[2010-05-12 08:47:35]获取光谱数据异常！Access violation at address 6D6CB426 in module 'jvm.dll'. Read of address 00000000
[2010-05-12 08:47:42]获取光谱数据异常！Access violation at address 6D6CB426 in module 'jvm.dll'. Read of address 00000000
[2010-05-12 08:47:44]获取光谱数据异常！Access violation at address 6D6CB426 in module 'jvm.dll'. Read of address 00000000
[2010-05-12 08:47:44]获取光谱数据异常！Access violation at address 6D6CB426 in module 'jvm.dll'. Read of address 00000000
[2011-09-08 20:12:48]usb32zwlspset光谱仪校准失败！错误信息Access violation at address 00BA96B2 in module 'ledusb32.dll'. Read of address 00000002
[2011-09-08 20:12:53]usb32zwlspset光谱仪校准失败！错误信息Access violation at address 00BA96B2 in module 'ledusb32.dll'. Read of address 00000002
[2011-09-08 20:12:57]usb32zwlspset光谱仪校准失败！错误信息Access violation at address 00BA96B2 in module 'ledusb32.dll'. Read of address 00000002
[2014-11-10 09:28:03]获取光谱数据异常！Access violation at address 00D83041 in module 'ledusb32.dll'. Read of address 00000008
[2014-11-10 09:28:04]获取光谱数据异常！Access violation at address 00D83041 in module 'ledusb32.dll'. Read of address 00000008
[2014-11-10 09:28:04]获取光谱数据异常！Access violation at address 00D83041 in module 'ledusb32.dll'. Read of address 00000008
[2014-11-10 09:28:05]获取光谱数据异常！Access violation at address 00D83041 in module 'ledusb32.dll'. Read of address 00000008
[2015-02-05 14:17:43]获取光谱数据异常！Access violation at address 00E13041 in module 'ledusb32.dll'. Read of address 00000008
[2015-02-05 14:18:14]获取光谱数据异常！Access violation at address 00E13041 in module 'ledusb32.dll'. Read of address 00000008
[2015-02-10 13:29:48]获取光谱数据异常！Access violation at address 00F13041 in module 'ledusb32.dll'. Read of address 00000008
[2015-02-11 16:36:49]获取光谱数据异常！Access violation at address 00E13041 in module 'ledusb32.dll'. Read of address 00000008
[2015-02-11 16:37:54]获取光谱数据异常！Access violation at address 00E13041 in module 'ledusb32.dll'. Read of address 00000008
[2015-06-10 09:12:52]获取光谱数据异常！Access violation at address 00E13041 in module 'ledusb32.dll'. Read of address 00000008
[2015-06-10 09:20:36]获取光谱数据异常！Access violation at address 00E13041 in module 'ledusb32.dll'. Read of address 00000008
[2015-06-10 09:20:44]获取光谱数据异常！Access violation at address 00E13041 in module 'ledusb32.dll'. Read of address 00000008
[2015-06-10 09:28:01]获取光谱数据异常！Access violation at address 00E13041 in module 'ledusb32.dll'. Read of address 00000008
[2015-06-10 11:25:36]获取光谱数据异常！Access violation at address 00E13041 in module 'ledusb32.dll'. Read of address 00000008
[2015-06-10 11:25:42]获取光谱数据异常！Access violation at address 00E13041 in module 'ledusb32.dll'. Read of address 00000008
[2015-06-10 12:53:41]获取光谱数据异常！Access violation at address 00E13041 in module 'ledusb32.dll'. Read of address 00000008
[2015-06-10 13:04:23]获取光谱数据异常！Access violation at address 00E13041 in module 'ledusb32.dll'. Read of address 00000008
[2015-06-10 13:04:45]获取光谱数据异常！Access violation at address 00E13041 in module 'ledusb32.dll'. Read of address 00000008
[2015-06-10 13:05:15]获取光谱数据异常！Access violation at address 00E13041 in module 'ledusb32.dll'. Read of address 00000008
[2015-06-10 13:13:40]获取光谱数据异常！Access violation at address 00E13041 in module 'ledusb32.dll'. Read of address 00000008
[2015-06-10 13:13:55]获取光谱数据异常！Access violation at address 00E13041 in module 'ledusb32.dll'. Read of address 00000008
[2015-06-16 10:36:55]获取光谱数据异常！Access violation at address 00E13041 in module 'ledusb32.dll'. Read of address 00000008
