D:\LATSUITE_V1.00.113\APP\LATSUITE.EXE
D:\LATSUITE_V1.00.113\APP\LATSUITE.PDB
D:\LATSUITE_V1.00.113\LAT2000\RELEASE\_CELL.OBJ
D:\LATSUITE_V1.00.113\LAT2000\RELEASE\_COLUMN.OBJ
D:\LATSUITE_V1.00.113\LAT2000\RELEASE\_GRID.OBJ
D:\LATSUITE_V1.00.113\LAT2000\RELEASE\ACCOUNTDLG.OBJ
D:\LATSUITE_V1.00.113\LAT2000\RELEASE\ACCREDITDATA.OBJ
D:\LATSUITE_V1.00.113\LAT2000\RELEASE\ALARMRINGDATA.OBJ
D:\LATSUITE_V1.00.113\LAT2000\RELEASE\ALARMRINGEDITDLG.OBJ
D:\LATSUITE_V1.00.113\LAT2000\RELEASE\ALARMSETTINGSDATA.OBJ
D:\LATSUITE_V1.00.113\LAT2000\RELEASE\ALARMSETTINGSDLG.OBJ
D:\LATSUITE_V1.00.113\LAT2000\RELEASE\AX_CIE_XYZ.OBJ
D:\LATSUITE_V1.00.113\LAT2000\RELEASE\AX_SPECTRUMDRAWCTRL1.OBJ
D:\LATSUITE_V1.00.113\LAT2000\RELEASE\AXCIEXYZCTRL1.OBJ
D:\LATSUITE_V1.00.113\LAT2000\RELEASE\BRIBECOMM.OBJ
D:\LATSUITE_V1.00.113\LAT2000\RELEASE\BURNINSETTINGSDLG.OBJ
D:\LATSUITE_V1.00.113\LAT2000\RELEASE\BUTTONEX.OBJ
D:\LATSUITE_V1.00.113\LAT2000\RELEASE\CALIBRATIONDATA.OBJ
D:\LATSUITE_V1.00.113\LAT2000\RELEASE\CALIBRATIONDLG.OBJ
D:\LatSuite_V1.00.113\LAT2000\Release\cl.command.1.tlog
D:\LatSuite_V1.00.113\LAT2000\Release\CL.read.1.tlog
D:\LatSuite_V1.00.113\LAT2000\Release\CL.write.1.tlog
D:\LATSUITE_V1.00.113\LAT2000\RELEASE\COLORDEMO.OBJ
D:\LATSUITE_V1.00.113\LAT2000\RELEASE\COMM.OBJ
D:\LATSUITE_V1.00.113\LAT2000\RELEASE\COMMSETTINGSDATA.OBJ
D:\LATSUITE_V1.00.113\LAT2000\RELEASE\CONFIGURE_ASSISTANTPAGE.OBJ
D:\LATSUITE_V1.00.113\LAT2000\RELEASE\CONFIGURE_EXAMINATIONPAGE.OBJ
D:\LATSUITE_V1.00.113\LAT2000\RELEASE\CONFIGURE_INDICATORPAGE.OBJ
D:\LATSUITE_V1.00.113\LAT2000\RELEASE\CONFIGURE_OTHERSPAGE.OBJ
D:\LATSUITE_V1.00.113\LAT2000\RELEASE\CONFIGURE_TESTCONTROLPAGE.OBJ
D:\LATSUITE_V1.00.113\LAT2000\RELEASE\CONFIGURE_WATCHPAGE.OBJ
D:\LATSUITE_V1.00.113\LAT2000\RELEASE\CONTAINERDRAWFORMVIEW.OBJ
D:\LATSUITE_V1.00.113\LAT2000\RELEASE\CONTAINERGRIDVIEW.OBJ
D:\LATSUITE_V1.00.113\LAT2000\RELEASE\CONTAINERWATCHVIEW.OBJ
D:\LATSUITE_V1.00.113\LAT2000\RELEASE\CONTJYDZCOMM.OBJ
D:\LATSUITE_V1.00.113\LAT2000\RELEASE\CONTNYYCOMM.OBJ
D:\LATSUITE_V1.00.113\LAT2000\RELEASE\CONTXLDLCOMM.OBJ
D:\LATSUITE_V1.00.113\LAT2000\RELEASE\CURRENTBOARDID_DLG.OBJ
D:\LATSUITE_V1.00.113\LAT2000\RELEASE\CURRENTLEDID_DLG.OBJ
D:\LATSUITE_V1.00.113\LAT2000\RELEASE\DATALISTVIEWSELECTSHOW.OBJ
D:\LATSUITE_V1.00.113\LAT2000\RELEASE\DEBUGA90PAGE.OBJ
D:\LATSUITE_V1.00.113\LAT2000\RELEASE\DEBUGBRIBEPAGE.OBJ
D:\LATSUITE_V1.00.113\LAT2000\RELEASE\DEBUGDPSPAGE.OBJ
D:\LATSUITE_V1.00.113\LAT2000\RELEASE\DEBUGEMS61000_11KPAGE.OBJ
D:\LATSUITE_V1.00.113\LAT2000\RELEASE\DEBUGEMS61000_5APAGE.OBJ
D:\LATSUITE_V1.00.113\LAT2000\RELEASE\DEBUGGAUGEPAGE.OBJ
D:\LATSUITE_V1.00.113\LAT2000\RELEASE\DEBUGINDICATORPAGE.OBJ
D:\LATSUITE_V1.00.113\LAT2000\RELEASE\DEBUGLINECONTROLLERPAGE.OBJ
D:\LATSUITE_V1.00.113\LAT2000\RELEASE\DEBUGLRAPAGE.OBJ
D:\LATSUITE_V1.00.113\LAT2000\RELEASE\DEBUGPAGEHANDAUTO.OBJ
D:\LATSUITE_V1.00.113\LAT2000\RELEASE\DEBUGPF2010APAGE.OBJ
D:\LATSUITE_V1.00.113\LAT2000\RELEASE\DEBUGSC1600PAGE.OBJ
D:\LATSUITE_V1.00.113\LAT2000\RELEASE\DEBUGSCANERPAGE.OBJ
D:\LATSUITE_V1.00.113\LAT2000\RELEASE\DEBUGTEMPERATUREPAGE.OBJ
D:\LATSUITE_V1.00.113\LAT2000\RELEASE\DEBUGTESTCHANNELCONTROLER.OBJ
D:\LATSUITE_V1.00.113\LAT2000\RELEASE\DEBUGTHUNDERRELAYPAGE.OBJ
D:\LATSUITE_V1.00.113\LAT2000\RELEASE\DEBUGWYPAGE.OBJ
D:\LATSUITE_V1.00.113\LAT2000\RELEASE\DLGBEFORECHANGELAMP.OBJ
D:\LATSUITE_V1.00.113\LAT2000\RELEASE\DLGCONTROLSHOW.OBJ
D:\LATSUITE_V1.00.113\LAT2000\RELEASE\DLGCURRENTBROAD.OBJ
D:\LATSUITE_V1.00.113\LAT2000\RELEASE\DLGDEBUGSAFT.OBJ
D:\LATSUITE_V1.00.113\LAT2000\RELEASE\DLGINPUTPOWER.OBJ
D:\LATSUITE_V1.00.113\LAT2000\RELEASE\DLGLISTPARACHOOSE.OBJ
D:\LATSUITE_V1.00.113\LAT2000\RELEASE\DLGMYLASTSET.OBJ
D:\LATSUITE_V1.00.113\LAT2000\RELEASE\DLGSAFTSETUP.OBJ
D:\LATSUITE_V1.00.113\LAT2000\RELEASE\DLGSELELAMP.OBJ
D:\LATSUITE_V1.00.113\LAT2000\RELEASE\DLGSETOLDLINETIME.OBJ
D:\LATSUITE_V1.00.113\LAT2000\RELEASE\DLGSHOWOLDINGTIME.OBJ
D:\LATSUITE_V1.00.113\LAT2000\RELEASE\DLGSHOWOTHERNOTE.OBJ
D:\LATSUITE_V1.00.113\LAT2000\RELEASE\DLGSTATISTICFILECHOOSE.OBJ
D:\LATSUITE_V1.00.113\LAT2000\RELEASE\EDITLIMITDLG.OBJ
D:\LATSUITE_V1.00.113\LAT2000\RELEASE\EXITSELECTIONDLG.OBJ
D:\LATSUITE_V1.00.113\LAT2000\RELEASE\FONT.OBJ
D:\LATSUITE_V1.00.113\LAT2000\RELEASE\FUJITMPCOMM.OBJ
D:\LATSUITE_V1.00.113\LAT2000\RELEASE\GAUGECOMM.OBJ
D:\LATSUITE_V1.00.113\LAT2000\RELEASE\HANDAUTOCOMM.OBJ
D:\LATSUITE_V1.00.113\LAT2000\RELEASE\HISTOGRAMGRAPHCTRL.OBJ
D:\LATSUITE_V1.00.113\LAT2000\RELEASE\IANALOGDISPLAYX_TMP1.OBJ
D:\LATSUITE_V1.00.113\LAT2000\RELEASE\IEDITX_TMP1.OBJ
D:\LATSUITE_V1.00.113\LAT2000\RELEASE\ILABELX1.OBJ
D:\LATSUITE_V1.00.113\LAT2000\RELEASE\INDICATORCOMM.OBJ
D:\LATSUITE_V1.00.113\LAT2000\RELEASE\INPUTPASSWORDDLG.OBJ
D:\LATSUITE_V1.00.113\LAT2000\RELEASE\IPIECHARTX.OBJ
D:\LATSUITE_V1.00.113\LAT2000\RELEASE\IPIECHARTX1.OBJ
D:\LATSUITE_V1.00.113\LAT2000\RELEASE\IPLOTANNOTATIONX.OBJ
D:\LATSUITE_V1.00.113\LAT2000\RELEASE\IPLOTAXISX.OBJ
D:\LATSUITE_V1.00.113\LAT2000\RELEASE\IPLOTCHANNELX.OBJ
D:\LATSUITE_V1.00.113\LAT2000\RELEASE\IPLOTDATACURSORX.OBJ
D:\LATSUITE_V1.00.113\LAT2000\RELEASE\IPLOTDATAVIEWX.OBJ
D:\LATSUITE_V1.00.113\LAT2000\RELEASE\IPLOTLABELX.OBJ
D:\LATSUITE_V1.00.113\LAT2000\RELEASE\IPLOTLEGENDX.OBJ
D:\LATSUITE_V1.00.113\LAT2000\RELEASE\IPLOTLIMITX.OBJ
D:\LATSUITE_V1.00.113\LAT2000\RELEASE\IPLOTTABLECOLUMNX.OBJ
D:\LATSUITE_V1.00.113\LAT2000\RELEASE\IPLOTTABLEX.OBJ
D:\LATSUITE_V1.00.113\LAT2000\RELEASE\IPLOTTOOLBARX.OBJ
D:\LATSUITE_V1.00.113\LAT2000\RELEASE\IPLOTX.OBJ
D:\LATSUITE_V1.00.113\LAT2000\RELEASE\LABEL.OBJ
D:\LATSUITE_V1.00.113\LAT2000\RELEASE\LAT_SAFTCOMM.OBJ
D:\LATSUITE_V1.00.113\LAT2000\RELEASE\LAT2000.OBJ
D:\LATSUITE_V1.00.113\LAT2000\RELEASE\LAT2000.RES
D:\LATSUITE_V1.00.113\LAT2000\RELEASE\LAT2000DOC.OBJ
D:\LATSUITE_V1.00.113\LAT2000\RELEASE\LATSUITE.EXE.INTERMEDIATE.MANIFEST
D:\LATSUITE_V1.00.113\LAT2000\RELEASE\LATSUITE.PCH
D:\LATSUITE_V1.00.113\LAT2000\RELEASE\LEDDATA.OBJ
D:\LATSUITE_V1.00.113\LAT2000\RELEASE\LEDDATACONTAINER.OBJ
D:\LATSUITE_V1.00.113\LAT2000\RELEASE\LEDDATACONTAINERVIEW.OBJ
D:\LATSUITE_V1.00.113\LAT2000\RELEASE\LEDDATASTATVIEW.OBJ
D:\LATSUITE_V1.00.113\LAT2000\RELEASE\LEDSPECTRUMDATA.OBJ
D:\LATSUITE_V1.00.113\LAT2000\RELEASE\LINECONTROLERDLG.OBJ
D:\LATSUITE_V1.00.113\LAT2000\RELEASE\LINECONTROLLERCOMM.OBJ
D:\LatSuite_V1.00.113\LAT2000\Release\link.command.1.tlog
D:\LatSuite_V1.00.113\LAT2000\Release\link.read.1.tlog
D:\LatSuite_V1.00.113\LAT2000\Release\link.write.1.tlog
D:\LatSuite_V1.00.113\LAT2000\Release\link-cvtres.read.1.tlog
D:\LatSuite_V1.00.113\LAT2000\Release\link-cvtres.write.1.tlog
D:\LATSUITE_V1.00.113\LAT2000\RELEASE\LRACOMM.OBJ
D:\LATSUITE_V1.00.113\LAT2000\RELEASE\MAINFRM.OBJ
D:\LATSUITE_V1.00.113\LAT2000\RELEASE\MAINTABWND.OBJ
D:\LATSUITE_V1.00.113\LAT2000\RELEASE\MAINTESTFORMVIEW.OBJ
D:\LATSUITE_V1.00.113\LAT2000\RELEASE\MODIFYCALPROTECTPASSWORD.OBJ
D:\LatSuite_V1.00.113\LAT2000\Release\mt.command.1.tlog
D:\LatSuite_V1.00.113\LAT2000\Release\mt.read.1.tlog
D:\LatSuite_V1.00.113\LAT2000\Release\mt.write.1.tlog
D:\LATSUITE_V1.00.113\LAT2000\RELEASE\MYCHECKLED.OBJ
D:\LATSUITE_V1.00.113\LAT2000\RELEASE\MYDOCKABLEPANEDATA.OBJ
D:\LATSUITE_V1.00.113\LAT2000\RELEASE\MYLISTCTRL.OBJ
D:\LATSUITE_V1.00.113\LAT2000\RELEASE\MYMFC_LIB.OBJ
D:\LATSUITE_V1.00.113\LAT2000\RELEASE\MYMFCTOOLBAR.OBJ
D:\LATSUITE_V1.00.113\LAT2000\RELEASE\MYSHEET.OBJ
D:\LATSUITE_V1.00.113\LAT2000\RELEASE\NONEBORDERDLG.OBJ
D:\LATSUITE_V1.00.113\LAT2000\RELEASE\NTGRAPH.OBJ
D:\LATSUITE_V1.00.113\LAT2000\RELEASE\PAGESDCM.OBJ
D:\LATSUITE_V1.00.113\LAT2000\RELEASE\PICTURE.OBJ
D:\LATSUITE_V1.00.113\LAT2000\RELEASE\POLYGONEX.OBJ
D:\LATSUITE_V1.00.113\LAT2000\RELEASE\PROPERTIESWND.OBJ
D:\LatSuite_V1.00.113\LAT2000\Release\rc.command.1.tlog
D:\LatSuite_V1.00.113\LAT2000\Release\rc.read.1.tlog
D:\LatSuite_V1.00.113\LAT2000\Release\rc.write.1.tlog
D:\LATSUITE_V1.00.113\LAT2000\RELEASE\RECTIFICATIONTESTDLG.OBJ
D:\LATSUITE_V1.00.113\LAT2000\RELEASE\SAFETYTESTCOMM.OBJ
D:\LATSUITE_V1.00.113\LAT2000\RELEASE\SC1000COMM.OBJ
D:\LATSUITE_V1.00.113\LAT2000\RELEASE\SCANERCOMM.OBJ
D:\LATSUITE_V1.00.113\LAT2000\RELEASE\SERIAL.OBJ
D:\LATSUITE_V1.00.113\LAT2000\RELEASE\SHEETDEBUG.OBJ
D:\LATSUITE_V1.00.113\LAT2000\RELEASE\SPECTRUMCOMMDEMO.OBJ
D:\LATSUITE_V1.00.113\LAT2000\RELEASE\SPLASH.OBJ
D:\LATSUITE_V1.00.113\LAT2000\RELEASE\STANDARDLAMPSETTINGSDLG.OBJ
D:\LATSUITE_V1.00.113\LAT2000\RELEASE\STATICOTHERINFO.OBJ
D:\LATSUITE_V1.00.113\LAT2000\RELEASE\STATISTICDISTRIBUTIONGRIDVIEW.OBJ
D:\LATSUITE_V1.00.113\LAT2000\RELEASE\STATISTICGRIDVIEW.OBJ
D:\LATSUITE_V1.00.113\LAT2000\RELEASE\STATISTICLEDDATACONTAINER.OBJ
D:\LATSUITE_V1.00.113\LAT2000\RELEASE\STATISTICPARACHOOSEDLG.OBJ
D:\LATSUITE_V1.00.113\LAT2000\RELEASE\STDAFX.OBJ
D:\LATSUITE_V1.00.113\LAT2000\RELEASE\SYSTEMSETTINGSDLG.OBJ
D:\LATSUITE_V1.00.113\LAT2000\RELEASE\TESTCONTAINER.OBJ
D:\LATSUITE_V1.00.113\LAT2000\RELEASE\TESTINFODATA.OBJ
D:\LATSUITE_V1.00.113\LAT2000\RELEASE\TESTINFOPAGE_LAMPINFOPAGE.OBJ
D:\LATSUITE_V1.00.113\LAT2000\RELEASE\TESTINFOPAGE_PRINTOPINIONPAGE.OBJ
D:\LATSUITE_V1.00.113\LAT2000\RELEASE\TESTINFOPAGE_TESTCONDITIONPAGE.OBJ
D:\LATSUITE_V1.00.113\LAT2000\RELEASE\TESTSETTINGSDATA.OBJ
D:\LATSUITE_V1.00.113\LAT2000\RELEASE\THUNDERRELAYCOMM.OBJ
D:\LATSUITE_V1.00.113\LAT2000\RELEASE\TOOLTIPEX.OBJ
D:\LATSUITE_V1.00.113\LAT2000\RELEASE\TOUCHSCREEN.OBJ
D:\LATSUITE_V1.00.113\LAT2000\RELEASE\VC100.PDB
D:\LATSUITE_V1.00.113\LAT2000\RELEASE\WARNINGYESNODLG.OBJ
