生成启动时间为 2017/10/23 11:09:15。
     1>项目“D:\LED2017\version3.0\SpectraArsenalEmission\SpectraArsenalEmission\SpectraArsenalEmission.vcxproj”在节点 2 上(rebuild 个目标)。
     1>_PrepareForClean:
         正在删除文件“Release\SpectraArsenalEmission.lastbuildstate”。
       InitializeBuildStatus:
         正在创建“Release\SpectraArsenalEmission.unsuccessfulbuild”，因为已指定“AlwaysCreate”。
       ClCompile:
         C:\Program Files (x86)\Microsoft Visual Studio 10.0\VC\bin\CL.exe /c /Zi /nologo /W3 /WX- /O2 /Oi /Oy- /GL /D WIN32 /D _WINDOWS /D NDEBUG /D _USRDLL /D _WINDLL /D _MBCS /D _AFXDLL /Gm- /EHsc /MD /GS /Gy /fp:precise /Zc:wchar_t /Zc:forScope /Yc"StdAfx.h" /Fp"Release\SpectraArsenalEmission.pch" /Fo"Release\\" /Fd"Release\vc100.pdb" /Gd /TP /analyze- /errorReport:prompt stdafx.cpp
         stdafx.cpp
         C:\Program Files (x86)\Microsoft Visual Studio 10.0\VC\bin\CL.exe /c /Zi /nologo /W3 /WX- /O2 /Oi /Oy- /GL /D WIN32 /D _WINDOWS /D NDEBUG /D _USRDLL /D _WINDLL /D _MBCS /D _AFXDLL /Gm- /EHsc /MD /GS /Gy /fp:precise /Zc:wchar_t /Zc:forScope /Yu"StdAfx.h" /Fp"Release\SpectraArsenalEmission.pch" /Fo"Release\\" /Fd"Release\vc100.pdb" /Gd /TP /analyze- /errorReport:prompt SpectraArsenalEmission.cpp
         SpectraArsenalEmission.cpp
       ResourceCompile:
         C:\Program Files (x86)\Microsoft SDKs\Windows\v7.0A\bin\rc.exe /D NDEBUG /D _AFXDLL /l"0x0804" /IRelease\ /nologo /fo"Release\SpectraArsenalEmission.res" SpectraArsenalEmission.rc 
       Link:
         C:\Program Files (x86)\Microsoft Visual Studio 10.0\VC\bin\link.exe /ERRORREPORT:PROMPT /OUT:"D:\LED2017\version3.0\SpectraArsenalEmission\Release\SpectraArsenalEmission.dll" /INCREMENTAL:NO /NOLOGO NH_GetColorParaDLL.lib LITS.lib /DEF:".\SpectraArsenalEmission.def" /MANIFEST /ManifestFile:"Release\SpectraArsenalEmission.dll.intermediate.manifest" /MANIFESTUAC:"level='asInvoker' uiAccess='false'" /DEBUG /PDB:"D:\LED2017\version3.0\SpectraArsenalEmission\Release\SpectraArsenalEmission.pdb" /SUBSYSTEM:WINDOWS /OPT:REF /OPT:ICF /LTCG /TLBID:1 /DYNAMICBASE /NXCOMPAT /IMPLIB:"D:\LED2017\version3.0\SpectraArsenalEmission\Release\SpectraArsenalEmission.lib" /MACHINE:X86 /DLL Release\SpectraArsenalEmission.res
         Release\SpectraArsenalEmission.obj
         Release\stdafx.obj
            正在创建库 D:\LED2017\version3.0\SpectraArsenalEmission\Release\SpectraArsenalEmission.lib 和对象 D:\LED2017\version3.0\SpectraArsenalEmission\Release\SpectraArsenalEmission.exp
         正在生成代码
         已完成代码的生成
         SpectraArsenalEmission.vcxproj -> D:\LED2017\version3.0\SpectraArsenalEmission\Release\SpectraArsenalEmission.dll
       Manifest:
         C:\Program Files (x86)\Microsoft SDKs\Windows\v7.0A\bin\mt.exe /nologo /verbose /outputresource:"D:\LED2017\version3.0\SpectraArsenalEmission\Release\SpectraArsenalEmission.dll;#2" /manifest Release\SpectraArsenalEmission.dll.intermediate.manifest "C:\Program Files (x86)\Microsoft Visual Studio 10.0\VC\Include\Manifest\dpiaware.manifest"
       FinalizeBuildStatus:
         正在删除文件“Release\SpectraArsenalEmission.unsuccessfulbuild”。
         正在对“Release\SpectraArsenalEmission.lastbuildstate”执行 Touch 任务。
     1>已完成生成项目“D:\LED2017\version3.0\SpectraArsenalEmission\SpectraArsenalEmission\SpectraArsenalEmission.vcxproj”(rebuild 个目标)的操作。

生成成功。

已用时间 00:00:03.30
