D:\LED2017\VERSION3.0\SPECTRAARSENALEMISSION\RELEASE\SPECTRAARSENALEMISSION.DLL
D:\LED2017\version3.0\SpectraArsenalEmission\Release\SpectraArsenalEmission.exp
D:\LED2017\version3.0\SpectraArsenalEmission\Release\SpectraArsenalEmission.lib
D:\LED2017\VERSION3.0\SPECTRAARSENALEMISSION\RELEASE\SPECTRAARSENALEMISSION.PDB
D:\LED2017\version3.0\SpectraArsenalEmission\SpectraArsenalEmission\Release\cl.command.1.tlog
D:\LED2017\version3.0\SpectraArsenalEmission\SpectraArsenalEmission\Release\CL.read.1.tlog
D:\LED2017\version3.0\SpectraArsenalEmission\SpectraArsenalEmission\Release\CL.write.1.tlog
D:\LED2017\version3.0\SpectraArsenalEmission\SpectraArsenalEmission\Release\link.command.1.tlog
D:\LED2017\version3.0\SpectraArsenalEmission\SpectraArsenalEmission\Release\link.read.1.tlog
D:\LED2017\version3.0\SpectraArsenalEmission\SpectraArsenalEmission\Release\link.write.1.tlog
D:\LED2017\version3.0\SpectraArsenalEmission\SpectraArsenalEmission\Release\link-cvtres.read.1.tlog
D:\LED2017\version3.0\SpectraArsenalEmission\SpectraArsenalEmission\Release\link-cvtres.write.1.tlog
D:\LED2017\version3.0\SpectraArsenalEmission\SpectraArsenalEmission\Release\mt.command.1.tlog
D:\LED2017\version3.0\SpectraArsenalEmission\SpectraArsenalEmission\Release\mt.read.1.tlog
D:\LED2017\version3.0\SpectraArsenalEmission\SpectraArsenalEmission\Release\mt.write.1.tlog
D:\LED2017\version3.0\SpectraArsenalEmission\SpectraArsenalEmission\Release\rc.command.1.tlog
D:\LED2017\version3.0\SpectraArsenalEmission\SpectraArsenalEmission\Release\rc.read.1.tlog
D:\LED2017\version3.0\SpectraArsenalEmission\SpectraArsenalEmission\Release\rc.write.1.tlog
D:\LED2017\VERSION3.0\SPECTRAARSENALEMISSION\SPECTRAARSENALEMISSION\RELEASE\SPECTRAARSENALEMISSION.DLL.INTERMEDIATE.MANIFEST
D:\LED2017\VERSION3.0\SPECTRAARSENALEMISSION\SPECTRAARSENALEMISSION\RELEASE\SPECTRAARSENALEMISSION.OBJ
D:\LED2017\VERSION3.0\SPECTRAARSENALEMISSION\SPECTRAARSENALEMISSION\RELEASE\SPECTRAARSENALEMISSION.PCH
D:\LED2017\VERSION3.0\SPECTRAARSENALEMISSION\SPECTRAARSENALEMISSION\RELEASE\SPECTRAARSENALEMISSION.RES
D:\LED2017\version3.0\SpectraArsenalEmission\SpectraArsenalEmission\Release\SpectraArsenalEmission.write.1.tlog
D:\LED2017\VERSION3.0\SPECTRAARSENALEMISSION\SPECTRAARSENALEMISSION\RELEASE\STDAFX.OBJ
D:\LED2017\VERSION3.0\SPECTRAARSENALEMISSION\SPECTRAARSENALEMISSION\RELEASE\VC100.PDB
