HC00   2014-2-20 17:59
General:
DiameterOptic:,    400.000000
TestWay:,     0
TestType:,    0
MixLight:,    0
VfAverage:,   0
intChipType:,     0
intPackageway:,     0
intChip:,     0
intCommonfoot:,     0
intPolarity:,     -1
intSetway:,     0
intIVTestWay:,     0
intWLType:,    0
intWLStepSetWay:,  0
intWLStep:,    0
intSampleAverage:,     1
intBoxcar:,    1
intFailBin:,   9
intMiddlePin:,     0
intMiddleWave1:,   550
intMiddleWave2:,   570
DeadLed:, 0,0,0,0

 Wafer 1:, 4, true, true, 1
Num   TestType   Delay(ms)   VComp(V)   IComp(mA)       Min          Max        FailBin   ContTest    StaValue1     StaValue2    CalibrationWay    CalibrationParameter*/x*   CalibrationParameter+/x+    CalibrationParameter y*   CalibrationParameter y+
 1 ,    IR,       0,         5.000000,  0.100000,   0.000000,    1.000000,        5,      False,         0.000000,         0.000000,         offset,             0.000000,             0.000000
 2 ,    VF,       0,         5.000000,  20.000000,   2.000000,    3.000000,        6,      False,         0.000000,         0.000000,         offset,             1.000000,             0.000000
 3 ,    IV,       0,         5.000000,  20.000000,   0.000000,    10000.000000,        7,      False,         0.000000,         0.000000,         multiple,             1.000000,             0.000000
 4 ,    XYZ,       0,         5.000000,  20.000000,   0.000000,    0.000000,        8,      False,       0.000000,         0.000000,         offset,             0.000000,             0.000000,             0.000000,             0.000000
    XYZ: point1_X 0.000000,  point1_Y 0.000000,  point2_X 0.000000,  point2_Y 0.000000,  point3_X 0.000000,  point3_Y 0.000000,  point4_X 0.000000,  point4_Y 0.000000
POLVoltage:, 5.000000
POLCurrent:, 10.000000
POLDelay:, 0
intWLStep:, 1nm
Optic:, ∏ﬂ¡¡LED
IntegrationTime:, 2.3
KeepLightVoltage:, 5.000000
KeepLightCurrent:, 20.000000
KeepLightDelay:, 0

 Wafer 2:, 2, false, false, 1
Num   TestType   Delay(ms)   VComp(V)   IComp(mA)       Min          Max        FailBin   ContTest    StaValue1     StaValue2    CalibrationWay    CalibrationParameter*/x*   CalibrationParameter+/x+    CalibrationParameter y*   CalibrationParameter y+
 1 ,    IR,       0,         5.000000,  0.100000,   0.000000,    10000.000000,        1,      False,         0.000000,         0.000000,         offset,             0.000000,             0.000000
 2 ,    VF,       0,         5.000000,  20.000000,   0.000000,    10000.000000,        1,      False,         0.000000,         0.000000,         offset,             0.000000,             0.000000
POLVoltage:, 5.000000
POLCurrent:, 10.000000
POLDelay:, 0
intWLStep:, 1nm
Optic:, ∆’¡¡LED
IntegrationTime:, 4.0
KeepLightVoltage:, 5.000000
KeepLightCurrent:, 20.000000
KeepLightDelay:, 0

 Wafer 3:, 2, false, false, 1
Num   TestType   Delay(ms)   VComp(V)   IComp(mA)       Min          Max        FailBin   ContTest    StaValue1     StaValue2    CalibrationWay    CalibrationParameter*/x*   CalibrationParameter+/x+    CalibrationParameter y*   CalibrationParameter y+
 1 ,    IR,       0,         5.000000,  0.100000,   0.000000,    10000.000000,        1,      False,         0.000000,         0.000000,         offset,             0.000000,             0.000000
 2 ,    VF,       0,         5.000000,  20.000000,   0.000000,    10000.000000,        1,      False,         0.000000,         0.000000,         offset,             0.000000,             0.000000
POLVoltage:, 5.000000
POLCurrent:, 10.000000
POLDelay:, 0
intWLStep:, 1nm
Optic:, ∆’¡¡LED
IntegrationTime:, 4.0
KeepLightVoltage:, 5.000000
KeepLightCurrent:, 20.000000
KeepLightDelay:, 0

Classification:,    2,    0,    0
BIN,    NAME,      C1-VF,    C1-VF,    
BIN,    NAME,    MIN,    MAX,    
0,   ,   ,    ,    
1,   C1-VF-1,   2,    2.1,    
2,   C1-VF-2,   2.1,    2.2,    
3,   C1-VF-3,   2.2,    2.3,    
4,   C1-VF-4,   2.3,    2.4,    
5,   ,   ,    ,    
6,   ,   ,    ,    
7,   ,   ,    ,    
8,   ,   ,    ,    
9,   ,   ,    ,    
10,   ,   ,    ,    
11,   ,   ,    ,    
12,   ,   ,    ,    
13,   ,   ,    ,    
14,   ,   ,    ,    
15,   ,   ,    ,    
16,   ,   ,    ,    
17,   ,   ,    ,    
18,   ,   ,    ,    
19,   ,   ,    ,    
20,   ,   ,    ,    
21,   ,   ,    ,    
22,   ,   ,    ,    
23,   ,   ,    ,    
24,   ,   ,    ,    
25,   ,   ,    ,    
26,   ,   ,    ,    
27,   ,   ,    ,    
28,   ,   ,    ,    
29,   ,   ,    ,    
30,   ,   ,    ,    
31,   ,   ,    ,    
32,   ,   ,    ,    
33,   ,   ,    ,    
34,   ,   ,    ,    
35,   ,   ,    ,    
36,   ,   ,    ,    
37,   ,   ,    ,    
38,   ,   ,    ,    
39,   ,   ,    ,    
40,   ,   ,    ,    
41,   ,   ,    ,    
42,   ,   ,    ,    
43,   ,   ,    ,    
44,   ,   ,    ,    
45,   ,   ,    ,    
46,   ,   ,    ,    
47,   ,   ,    ,    
48,   ,   ,    ,    
49,   ,   ,    ,    
50,   ,   ,    ,    
51,   ,   ,    ,    
52,   ,   ,    ,    
53,   ,   ,    ,    
54,   ,   ,    ,    
55,   ,   ,    ,    
56,   ,   ,    ,    
57,   ,   ,    ,    
58,   ,   ,    ,    
59,   ,   ,    ,    
60,   ,   ,    ,    
61,   ,   ,    ,    
62,   ,   ,    ,    
63,   ,   ,    ,    
64,   ,   ,    ,    
65,   ,   ,    ,    
66,   ,   ,    ,    
67,   ,   ,    ,    
68,   ,   ,    ,    
69,   ,   ,    ,    
70,   ,   ,    ,    
71,   ,   ,    ,    
72,   ,   ,    ,    
73,   ,   ,    ,    
74,   ,   ,    ,    
75,   ,   ,    ,    
76,   ,   ,    ,    
77,   ,   ,    ,    
78,   ,   ,    ,    
79,   ,   ,    ,    
0.4305,    0.33,    0.3452,    0.2934,    2,    5,    
14,   C1-XYZ-4_C1-IR-2,   0.3486,    0.3684,    0.4296,    0.4034,    0.4305,    0.33,    0.3452,    0.2934,    5,    8,    
15,   C1-XYZ-4_C1-IR-3,   0.3486,    0.3684,    0.4296,    0.4034,    0.4305,    0.33,    0.3452,    0.2934,    8,    11,    
16,   C1-XYZ-4_C1-IR-4,   0.3486,    0.3684,    0.4296,    0.4034,    0.4305,    0.33,    0.3452,    0.2934,    11,    14,    
17,   C1-XYZ-5_C1-IR-1,   0.26,    0.2567,    0.3452,    0.2934,    0.3419,    0.2183,    0.2525,    0.18,    2,    5,    
18,   C1-XYZ-5_C1-IR-2,   0.26,    0.2567,    0.3452,    0.2934,    0.3419,    0.2183,    0.2525,    0.18,    5,    8,    
19,   C1-XYZ-5_C1-IR-3,   0.26,    0.2567,    0.3452,    0.2934,    0.3419,    0.2183,    0.2525,    0.18,    8,    11,    
20,   C1-XYZ-5_C1-IR-4,   0.26,    0.2567,    0.3452,    0.2934,    0.3419,    0.2183,    0.2525,    0.18,    11,    14,    
21,   C1-XYZ-6_C1-IR-1,   0.3452,    0.2934,    0.4305,    0.33,    0.4313,    0.2567,    0.3419,    0.2183,    2,    5,    
22,   C1-XYZ-6_C1-IR-2,   0.3452,    0.2934,    0.4305,    0.33,    0.4313,    0.2567,    0.3419,    0.2183,    5,    8,    
23,   C1-XYZ-6_C1-IR-3,   0.3452,    0.2934,    0.4305,    0.33,    0.4313,    0.2567,    0.3419,    0.2183,    8,    11,    
24,   C1-XYZ-6_C1-IR-4,   0.3452,    0.2934,    0.4305,    0.33,    0.4313,    0.2567,    0.3419,    0.2183,    11,    14,    
25,   ,   ,    ,    ,    ,    ,    ,    ,    ,    ,    ,    
26,   ,   ,    ,    ,    ,    ,    ,    ,    ,    ,    ,    
27,   ,   ,    ,    ,    ,    ,    ,    ,    ,    ,    ,    
28,   ,   ,    ,    ,    ,    ,    ,    ,    ,    ,    ,    
29,   ,   ,    ,    ,    ,    ,    ,    ,    ,    ,    ,    
30,   ,   ,    ,    ,    ,    ,    ,    ,    ,    ,    ,    
31,   ,   ,    ,    ,    ,    ,    ,    ,    ,    ,    ,    
32,   ,   ,    ,    ,    ,    ,    ,    ,    ,    ,    ,    
33,   ,   ,    ,    ,    ,    ,    ,    ,    ,    ,    ,    
34,   ,   ,    ,    ,    ,    ,    ,    ,    ,    ,    ,    
35,   ,   ,    ,    ,    ,    ,    ,    ,    ,    ,    ,    
36,   ,   ,    ,    ,    ,    ,    ,    ,    ,    ,    ,    
37,   ,   ,    ,    ,    ,    ,    ,    ,    ,    ,    ,    
38,   ,   ,    ,    ,    ,    ,    ,    ,    ,    ,    ,    
39,   ,   ,    ,    ,    ,    ,    ,    ,    ,    ,    ,    
40,   ,   ,    ,    ,    ,    ,    ,    ,    ,    ,    ,    
41,   ,   ,    ,    ,    ,    ,    ,    ,    ,    ,    ,    
42,   ,   ,    ,    ,    ,    ,    ,    ,    ,    ,    ,    
43,   ,   ,    ,    ,    ,    ,    ,    ,    ,    ,    ,    
44,   ,   ,    ,    ,    ,    ,    ,    ,    ,    ,    ,    
45,   ,   ,    ,    ,    ,    ,    ,    ,    ,    ,    ,    
46,   ,   ,    ,    ,    ,    ,    ,    ,    ,    ,    ,    
47,   ,   ,    ,    ,    ,    ,    ,    ,    ,    ,    ,    
48,   ,   ,    ,    ,    ,    ,    ,    ,    ,    ,    ,    
49,   ,   ,    ,    ,    ,    ,    ,    ,    ,    ,    ,    
50,   ,   ,    ,    ,    ,    ,    ,    ,    ,    ,    ,    
51,   ,   ,    ,    ,    ,    ,    ,    ,    ,    ,    ,    
52,   ,   ,    ,    ,    ,    ,    ,    ,    ,    ,    ,    
53,   ,   ,    ,    ,    ,    ,    ,    ,    ,    ,    ,    
54,   ,   ,    ,    ,    ,    ,    ,    ,    ,    ,    ,    
55,   ,   ,    ,    ,    ,    ,    ,    ,    ,    ,    ,    
56,   ,   ,    ,    ,    ,    ,    ,    ,    ,    ,    ,    
57,   ,   ,    ,    ,    ,    ,    ,    ,    ,    ,    ,    
58,   ,   ,    ,    ,    ,    ,    ,    ,    ,    ,    ,    
59,   ,   ,    ,    ,    ,    ,    ,    ,    ,    ,    ,    
60,   ,   ,    ,    ,    ,    ,    ,    ,    ,    ,    ,    
61,   ,   ,    ,    ,    ,    ,    ,    ,    ,    ,    ,    
62,   ,   ,    ,    ,    ,    ,    ,    ,    ,    ,    ,    
63,   ,   ,    ,    ,    ,    ,    ,    ,    ,    ,    ,    
64,   ,   ,    ,    ,    ,    ,    ,    ,    ,    ,    ,    
65,   ,   ,    ,    ,    ,    ,    ,    ,    ,    ,    ,    
66,   ,   ,    ,    ,    ,    ,    ,    ,    ,    ,    ,    
67,   ,   ,    ,    ,    ,    ,    ,    ,    ,    ,    ,    
68,   ,   ,    ,    ,    ,    ,    ,    ,    ,    ,    ,    
69,   ,   ,    ,    ,    ,    ,    ,    ,    ,    ,    ,    
70,   ,   ,    ,    ,    ,    ,    ,    ,    ,    ,    ,    
71,   ,   ,    ,    ,    ,    ,    ,    ,    ,    ,    ,    
72,   ,   ,    ,    ,    ,    ,    ,    ,    ,    ,    ,    
73,   ,   ,    ,    ,    ,    ,    ,    ,    ,    ,    ,    
74,   ,   ,    ,    ,    ,    ,    ,    ,    ,    ,    ,    
75,   ,   ,    ,    ,    ,    ,    ,    ,    ,    ,    ,    
76,   ,   ,    ,    ,    ,    ,    ,    ,    ,    ,    ,    
77,   ,   ,    ,    ,    ,    ,    ,    ,    ,    ,    ,    
78,   ,   ,    ,    ,    ,    ,    ,    ,    ,    ,    ,    
79,   ,   ,    ,    ,    ,    ,    ,    ,    ,    ,    ,    
80,   ,   ,    ,    ,    ,    ,    ,    ,    ,    ,    ,    
81,   ,   ,    ,    ,    ,    ,    ,    ,    ,    ,    ,    
82,   ,   ,    ,    ,    ,    ,    ,    ,    ,    ,    ,    
83,   ,   ,    ,    ,    ,    ,    ,    ,    ,    ,    ,    
84,   ,   ,    ,    ,    ,    ,    ,    ,    ,    ,    ,    
85,   ,   ,    ,    ,    ,    ,    ,    ,    ,    ,    ,    
86,   ,   ,    ,    ,    ,    ,    ,    ,    ,    ,    ,    
87,   ,   ,    ,    ,    ,    ,    ,    ,    ,    ,    ,    
88,   ,   ,    ,    ,    ,    ,    ,    ,    ,    ,    ,    
89,   ,   ,    ,    ,    ,    ,    ,    ,    ,    ,    ,    
90,   ,   ,    ,    ,    ,    ,    ,    ,    ,    ,    ,    
91,   ,   ,    ,    ,    ,    ,    ,    ,    ,    ,    ,    
92,   ,   ,    ,    ,    ,    ,    ,    ,    ,    ,    ,    
93,   ,   ,    ,    ,    ,    ,    ,    ,    ,    ,    ,    
94,   ,   ,    ,    ,    ,    ,    ,    ,    ,    ,    ,    
95,   ,   ,    ,    ,    ,    ,    ,    ,    ,    ,    ,    
96,   ,   ,    ,    ,    ,    ,    ,    ,    ,    ,    ,    
97,   ,   ,    ,    ,    ,    ,    ,    ,    ,    ,    ,    
98,   ,   ,    ,    ,    ,    ,    ,    ,    ,    ,    ,    
99,   ,   ,    ,    ,    ,    ,    ,    ,    ,    ,    ,    
100,   ,   ,    ,    ,    ,    ,    ,    ,    ,    ,    ,    
101,   ,   ,    ,    ,    ,    ,    ,    ,    ,    ,    ,    
102,   ,   ,    ,    ,    ,    ,    ,    ,    ,    ,    ,    
103,   ,   ,    ,    ,    ,    ,    ,    ,    ,    ,    ,    
104,   ,   ,    ,    ,    ,    ,    ,    ,    ,    ,    ,    
105,   ,   ,    ,    ,    ,    ,    ,    ,    ,    ,    ,    
106,   ,   ,    ,    ,    ,    ,    ,    ,    ,    ,    ,    
107,   ,   ,    ,    ,    ,    ,    ,    ,    ,    ,    ,    
108,   ,   ,    ,    ,    ,    ,    ,    ,    ,    ,    ,    
109,   ,   ,    ,    ,    ,    ,    ,    ,    ,    ,    ,    
110,   ,   ,    ,    ,    ,    ,    ,    ,    ,    ,    ,    
111,   ,   ,    ,    ,    ,    ,    ,    ,    ,    ,    ,    
112,   ,   ,    ,    ,    ,    ,    ,    ,    ,    ,    ,    
113,   ,   ,    ,    ,    ,    ,    ,    ,    ,    ,    ,    
114,   ,   ,    ,    ,    ,    ,    ,    ,    ,    ,    ,    
115,   ,   ,    ,    ,    ,    ,    ,    ,    ,    ,    ,    
116,   ,   ,    ,    ,    ,    ,    ,    ,    ,    ,    ,    
117,   ,   ,    ,    ,    ,    ,    ,    ,    ,    ,    ,    
118,   ,   ,    ,    ,    ,    ,    ,    ,    ,    ,    ,    
119,   ,   ,    ,    ,    ,    ,    ,    ,    ,    ,    ,    
120,   ,   ,    ,    ,    ,    ,    ,    ,    ,    ,    ,    
121,   ,   ,    ,    ,    ,    ,    ,    ,    ,    ,    ,    
122,   ,   ,    ,    ,    ,    ,    ,    ,    ,    ,    ,    
123,   ,   ,    ,    ,    ,    ,    ,    ,    ,    ,    ,    
124,   ,   ,    ,    ,    ,    ,    ,    ,    ,    ,    ,    
125,   ,   ,    ,    ,    ,    ,    ,    ,    ,    ,    ,    
126,   ,   ,    ,    ,    ,    ,    ,    ,    ,    ,    ,    
127,   ,   ,    ,    ,    ,    ,    ,    ,    ,    ,    ,    
128,   ,   ,    ,    ,    ,    ,    ,    ,    ,    ,    ,    
129,   ,   ,    ,    ,    ,    ,    ,    ,    ,    ,    ,    
130,   ,   ,    ,    ,    ,    ,    ,    ,    ,    ,    ,    
131,   ,   ,    ,    ,    ,    ,    ,    ,    ,    ,    ,    
132,   ,   ,    ,    ,    ,    ,    ,    ,    ,    ,    ,    
133,   ,   ,    ,    ,    ,    ,    ,    ,    ,    ,    ,    
134,   ,   ,    ,    ,    ,    ,    ,    ,    ,    ,    ,    
135,   ,   ,    ,    ,    ,    ,    ,    ,    ,    ,    ,    
136,   ,   ,    ,    ,    ,    ,    ,    ,    ,    ,    ,    
137,   ,   ,    ,    ,    ,    ,    ,    ,    ,    ,    ,    
138,   ,   ,    ,    ,    ,    ,    ,    ,    ,    ,    ,    
139,   ,   ,    ,    ,    ,    ,    ,    ,    ,    ,    ,    
140,   ,   ,    ,    ,    ,    ,    ,    ,    ,    ,    ,    
141,   ,   ,    ,    ,    ,    ,    ,    ,    ,    ,    ,    
142,   ,   ,    ,    ,    ,    ,    ,    ,    ,    ,    ,    
143,   ,   ,    ,    ,    ,    ,    ,    ,    ,    ,    ,    
144,   ,   ,    ,    ,    ,    ,    ,    ,    ,    ,    ,    
145,   ,   ,    ,    ,    ,    ,    ,    ,    ,    ,    ,    
146,   ,   ,    ,    ,    ,    ,    ,    ,    ,    ,    ,    
147,   ,   ,    ,    ,    ,    ,    ,    ,    ,    ,    ,    
148,   ,   ,    ,    ,    ,    ,    ,    ,    ,    ,    ,    
149,   ,   ,    ,    ,    ,    ,    ,    ,    ,    ,    ,    
150,   ,   ,    ,    ,    ,    ,    ,    ,    ,    ,    ,    
151,   ,   ,    ,    ,    ,    ,    ,    ,    ,    ,    ,    
152,   ,   ,    ,    ,    ,    ,    ,    ,    ,    ,    ,    
153,   ,   ,    ,    ,    ,    ,    ,    ,    ,    ,    ,    
154,   ,   ,    ,    ,    ,    ,    ,    ,    ,    ,    ,    
155,   ,   ,    ,    ,    ,    ,    ,    ,    ,    ,    ,    
156,   ,   ,    ,    ,    ,    ,    ,    ,    ,    ,    ,    
157,   ,   ,    ,    ,    ,    ,    ,    ,    ,    ,    ,    
158,   ,   ,    ,    ,    ,    ,    ,    ,    ,    ,    ,    
159,   ,   ,    ,    ,    ,    ,    ,    ,    ,    ,    ,    
160,   ,   ,    ,    ,    ,    ,    ,    ,    ,    ,    ,    
161,   ,   ,    ,    ,    ,    ,    ,    ,    ,    ,    ,    
162,   ,   ,    ,    ,    ,    ,    ,    ,    ,    ,    ,    
163,   ,   ,    ,    ,    ,    ,    ,    ,    ,    ,    ,    
164,   ,   ,    ,    ,    ,    ,    ,    ,    ,    ,    ,    
165,   ,   ,    ,    ,    ,    ,    ,    ,    ,    ,    ,    
166,   ,   ,    ,    ,    ,    ,    ,    ,    ,    ,    ,    
167,   ,   ,    ,    ,    ,    ,    ,    ,    ,    ,    ,    
168,   ,   ,    ,    ,    ,    ,    ,    ,    ,    ,    ,    
169,   ,   ,    ,    ,    ,    ,    ,    ,    ,    ,    ,    
170,   ,   ,    ,    ,    ,    ,    ,    ,    ,    ,    ,    
171,   ,   ,    ,    ,    ,    ,    ,    ,    ,    ,    ,    
172,   ,   ,    ,    ,    ,    ,    ,    ,    ,    ,    ,    
173,   ,   ,    ,    ,    ,    ,    ,    ,    ,    ,    ,    
174,   ,   ,    ,    ,    ,    ,    ,    ,    ,    ,    ,    
175,   ,   ,    ,    ,    ,    ,    ,    ,    ,    ,    ,    
176,   ,   ,    ,    ,    ,    ,    ,    ,    ,    ,    ,    
177,   ,   ,    ,    ,    ,    ,    ,    ,    ,    ,    ,    
178,   ,   ,    ,    ,    ,    ,    ,    ,    ,    ,    ,    
179,   ,   ,    ,    ,    ,    ,    ,    ,    ,    ,    ,    
180,   ,   ,    ,    ,    ,    ,    ,    ,    ,    ,    ,    
181,   ,   ,    ,    ,    ,    ,    ,    ,    ,    ,    ,    
182,   ,   ,    ,    ,    ,    ,    ,    ,    ,    ,    ,    
183,   ,   ,    ,    ,    ,    ,    ,    ,    ,    ,    ,    
184,   ,   ,    ,    ,    ,    ,    ,    ,    ,    ,    ,    
185,   ,   ,    ,    ,    ,    ,    ,    ,    ,    ,    ,    
186,   ,   ,    ,    ,    ,    ,    ,    ,    ,    ,    ,    
187,   ,   ,    ,    ,    ,    ,    ,    ,    ,    ,    ,    
188,   ,   ,    ,    ,    ,    ,    ,    ,    ,    ,    ,    
189,   ,   ,    ,    ,    ,    ,    ,    ,    ,    ,    ,    
190,   ,   ,    ,    ,    ,    ,    ,    ,    ,    ,    ,    
191,   ,   ,    ,    ,    ,    ,    ,    ,    ,    ,    ,    
192,   ,   ,    ,    ,    ,    ,    ,    ,    ,    ,    ,    
193,   ,   ,    ,    ,    ,    ,    ,    ,    ,    ,    ,    
194,   ,   ,    ,    ,    ,    ,    ,    ,    ,    ,    ,    
195,   ,   ,    ,    ,    ,    ,    ,    ,    ,    ,    ,    
196,   ,   ,    ,    ,    ,    ,    ,    ,    ,    ,    ,    
197,   ,   ,    ,    ,    ,    ,    ,    ,    ,    ,    ,    
198,   ,   ,    ,    ,    ,    ,    ,    ,    ,    ,    ,    
199,   ,   ,    ,    ,    ,    ,    ,    ,    ,    ,    ,    
200,   ,   ,    ,    ,    ,    ,    ,    ,    ,    ,    ,    
201,   ,   ,    ,    ,    ,    ,    ,    ,    ,    ,    ,    
202,   ,   ,    ,    ,    ,    ,    ,    ,    ,    ,    ,    
203,   ,   ,    ,    ,    ,    ,    ,    ,    ,    ,    ,    
204,   ,   ,    ,    ,    ,    ,    ,    ,    ,    ,    ,    
205,   ,   ,    ,    ,    ,    ,    ,    ,    ,    ,    ,    
206,   ,   ,    ,    ,    ,    ,    ,    ,    ,    ,    ,    
207,   ,   ,    ,    ,    ,    ,    ,    ,    ,    ,    ,    
208,   ,   ,    ,    ,    ,    ,    ,    ,    ,    ,    ,    
209,   ,   ,    ,    ,    ,    ,    ,    ,    ,    ,    ,    
210,   ,   ,    ,    ,    ,    ,    ,    ,    ,    ,    ,    
211,   ,   ,    ,    ,    ,    ,    ,    ,    ,    ,    ,    
212,   ,   ,    ,    ,    ,    ,    ,    ,    ,    ,    ,    
213,   ,   ,    ,    ,    ,    ,    ,    ,    ,    ,    ,    
214,   ,   ,    ,    ,    ,    ,    ,    ,    ,    ,    ,    
215,   ,   ,    ,    ,    ,    ,    ,    ,    ,    ,    ,    
216,   ,   ,    ,    ,    ,    ,    ,    ,    ,    ,    ,    
217,   ,   ,    ,    ,    ,    ,    ,    ,    ,    ,    ,    
218,   ,   ,    ,    ,    ,    ,    ,    ,    ,    ,    ,    
219,   ,   ,    ,    ,    ,    ,    ,    ,    ,    ,    ,    
220,   ,   ,    ,    ,    ,    ,    ,    ,    ,    ,    ,    
221,   ,   ,    ,    ,    ,    ,    ,    ,    ,    ,    ,    
222,   ,   ,    ,    ,    ,    ,    ,    ,    ,    ,    ,    
223,   ,   ,    ,    ,    ,    ,    ,    ,    ,    ,    ,    
224,   ,   ,    ,    ,    ,    ,    ,    ,    ,    ,    ,    
225,   ,   ,    ,    ,    ,    ,    ,    ,    ,    ,    ,    
226,   ,   ,    ,    ,    ,    ,    ,    ,    ,    ,    ,    
227,   ,   ,    ,    ,    ,    ,    ,    ,    ,    ,    ,    
228,   ,   ,    ,    ,    ,    ,    ,    ,    ,    ,    ,    
229,   ,   ,    ,    ,    ,    ,    ,    ,    ,    ,    ,    
230,   ,   ,    ,    ,    ,    ,    ,    ,    ,    ,    ,    
231,   ,   ,    ,    ,    ,    ,    ,    ,    ,    ,    ,    
232,   ,   ,    ,    ,    ,    ,    ,    ,    ,    ,    ,    
233,   ,   ,    ,    ,    ,    ,    ,    ,    ,    ,    ,    
234,   ,   ,    ,    ,    ,    ,    ,    ,    ,    ,    ,    
235,   ,   ,    ,    ,    ,    ,    ,    ,    ,    ,    ,    
236,   ,   ,    ,    ,    ,    ,    ,    ,    ,    ,    ,    
237,   ,   ,    ,    ,    ,    ,    ,    ,    ,    ,    ,    
238,   ,   ,    ,    ,    ,    ,    ,    ,    ,    ,    ,    
239,   ,   ,    ,    ,    ,    ,    ,    ,    ,    ,    ,    
240,   ,   ,    ,    ,    ,    ,    ,    ,    ,    ,    ,    
241,   ,   ,    ,    ,    ,    ,    ,    ,    ,    ,    ,    
242,   ,   ,    ,    ,    ,    ,    ,    ,    ,    ,    ,    
243,   ,   ,    ,    ,    ,    ,    ,    ,    ,    ,    ,    
244,   ,   ,    ,    ,    ,    ,    ,    ,    ,    ,    ,    
245,   ,   ,    ,    ,    ,    ,    ,    ,    ,    ,    ,    
246,   ,   ,    ,    ,    ,    ,    ,    ,    ,    ,    ,    
247,   ,   ,    ,    ,    ,    ,    ,    ,    ,    ,    ,    
248,   ,   ,    ,    ,    ,    ,    ,    ,    ,    ,    ,    
249,   ,   ,    ,    ,    ,    ,    ,    ,    ,    ,    ,    
250,   ,   ,    ,    ,    ,    ,    ,    ,    ,    ,    ,    
251,   ,   ,    ,    ,    ,    ,    ,    ,    ,    ,    ,    
252,   ,   ,    ,    ,    ,    ,    ,    ,    ,    ,    ,    
253,   ,   ,    ,    ,    ,    ,    ,    ,    ,    ,    ,    
254,   ,   ,    ,    ,    ,    ,    ,    ,    ,    ,    ,    
255,   ,   ,    ,    ,    ,    ,    ,    ,    ,    ,    ,    
   ,    ,    ,    ,    ,    ,    ,    ,    ,    ,    
193,   ,   ,    ,    ,    ,    ,    ,    ,    ,    ,    ,    ,    ,    
194,   ,   ,    ,    ,    ,    ,    ,    ,    ,    ,    ,    ,    ,    
195,   ,   ,    ,    ,    ,    ,    ,    ,    ,    ,    ,    ,    ,    
196,   ,   ,    ,    ,    ,    ,    ,    ,    ,    ,    ,    ,    ,    
197,   ,   ,    ,    ,    ,    ,    ,    ,    ,    ,    ,    ,    ,    
198,   ,   ,    ,    ,    ,    ,    ,    ,    ,    ,    ,    ,    ,    
199,   ,   ,    ,    ,    ,    ,    ,    ,    ,    ,    ,    ,    ,    
200,   ,   ,    ,    ,    ,    ,    ,    ,    ,    ,    ,    ,    ,    
201,   ,   ,    ,    ,    ,    ,    ,    ,    ,    ,    ,    ,    ,    
202,   ,   ,    ,    ,    ,    ,    ,    ,    ,    ,    ,    ,    ,    
203,   ,   ,    ,    ,    ,    ,    ,    ,    ,    ,    ,    ,    ,    
204,   ,   ,    ,    ,    ,    ,    ,    ,    ,    ,    ,    ,    ,    
205,   ,   ,    ,    ,    ,    ,    ,    ,    ,    ,    ,    ,    ,    
206,   ,   ,    ,    ,    ,    ,    ,    ,    ,    ,    ,    ,    ,    
207,   ,   ,    ,    ,    ,    ,    ,    ,    ,    ,    ,    ,    ,    
208,   ,   ,    ,    ,    ,    ,    ,    ,    ,    ,    ,    ,    ,    
209,   ,   ,    ,    ,    ,    ,    ,    ,    ,    ,    ,    ,    ,    
210,   ,   ,    ,    ,    ,    ,    ,    ,    ,    ,    ,    ,    ,    
211,   ,   ,    ,    ,    ,    ,    ,    ,    ,    ,    ,    ,    ,    
212,   ,   ,    ,    ,    ,    ,    ,    ,    ,    ,    ,    ,    ,    
213,   ,   ,    ,    ,    ,    ,    ,    ,    ,    ,    ,    ,    ,    
214,   ,   ,    ,    ,    ,    ,    ,    ,    ,    ,    ,    ,    ,    
215,   ,   ,    ,    ,    ,    ,    ,    ,    ,    ,    ,    ,    ,    
216,   ,   ,    ,    ,    ,    ,    ,    ,    ,    ,    ,    ,    ,    
217,   ,   ,    ,    ,    ,    ,    ,    ,    ,    ,    ,    ,    ,    
218,   ,   ,    ,    ,    ,    ,    ,    ,    ,    ,    ,    ,    ,    
219,   ,   ,    ,    ,    ,    ,    ,    ,    ,    ,    ,    ,    ,    
220,   ,   ,    ,    ,    ,    ,    ,    ,    ,    ,    ,    ,    ,    
221,   ,   ,    ,    ,    ,    ,    ,    ,    ,    ,    ,    ,    ,    
222,   ,   ,    ,    ,    ,    ,    ,    ,    ,    ,    ,    ,    ,    
223,   ,   ,    ,    ,    ,    ,    ,    ,    ,    ,    ,    ,    ,    
224,   ,   ,    ,    ,    ,    ,    ,    ,    ,    ,    ,    ,    ,    
225,   ,   ,    ,    ,    ,    ,    ,    ,    ,    ,    ,    ,    ,    
226,   ,   ,    ,    ,    ,    ,    ,    ,    ,    ,    ,    ,    ,    
227,   ,   ,    ,    ,    ,    ,    ,    ,    ,    ,    ,    ,    ,    
228,   ,   ,    ,    ,    ,    ,    ,    ,    ,    ,    ,    ,    ,    
229,   ,   ,    ,    ,    ,    ,    ,    ,    ,    ,    ,    ,    ,    
230,   ,   ,    ,    ,    ,    ,    ,    ,    ,    ,    ,    ,    ,    
231,   ,   ,    ,    ,    ,    ,    ,    ,    ,    ,    ,    ,    ,    
232,   ,   ,    ,    ,    ,    ,    ,    ,    ,    ,    ,    ,    ,    
233,   ,   ,    ,    ,    ,    ,    ,    ,    ,    ,    ,    ,    ,    
234,   ,   ,    ,    ,    ,    ,    ,    ,    ,    ,    ,    ,    ,    
235,   ,   ,    ,    ,    ,    ,    ,    ,    ,    ,    ,    ,    ,    
236,   ,   ,    ,    ,    ,    ,    ,    ,    ,    ,    ,    ,    ,    
237,   ,   ,    ,    ,    ,    ,    ,    ,    ,    ,    ,    ,    ,    
238,   ,   ,    ,    ,    ,    ,    ,    ,    ,    ,    ,    ,    ,    
239,   ,   ,    ,    ,    ,    ,    ,    ,    ,    ,    ,    ,    ,    
240,   ,   ,    ,    ,    ,    ,    ,    ,    ,    ,    ,    ,    ,    
241,   ,   ,    ,    ,    ,    ,    ,    ,    ,    ,    ,    ,    ,    
242,   ,   ,    ,    ,    ,    ,    ,    ,    ,    ,    ,    ,    ,    
243,   ,   ,    ,    ,    ,    ,    ,    ,    ,    ,    ,    ,    ,    
244,   ,   ,    ,    ,    ,    ,    ,    ,    ,    ,    ,    ,    ,    
245,   ,   ,    ,    ,    ,    ,    ,    ,    ,    ,    ,    ,    ,    
246,   ,   ,    ,    ,    ,    ,    ,    ,    ,    ,    ,    ,    ,    
247,   ,   ,    ,    ,    ,    ,    ,    ,    ,    ,    ,    ,    ,    
248,   ,   ,    ,    ,    ,    ,    ,    ,    ,    ,    ,    ,    ,    
249,   ,   ,    ,    ,    ,    ,    ,    ,    ,    ,    ,    ,    ,    
250,   ,   ,    ,    ,    ,    ,    ,    ,    ,    ,    ,    ,    ,    
251,   ,   ,    ,    ,    ,    ,    ,    ,    ,    ,    ,    ,    ,    
252,   ,   ,    ,    ,    ,    ,    ,    ,    ,    ,    ,    ,    ,    
253,   ,   ,    ,    ,    ,    ,    ,    ,    ,    ,    ,    ,    ,    
254,   ,   ,    ,    ,    ,    ,    ,    ,    ,    ,    ,    ,    ,    
255,   ,   ,    ,    ,    ,    ,    ,    ,    ,    ,    ,    ,    ,    
   
164,   ,   ,    ,    ,    ,    ,    ,    ,    ,    ,    ,    ,    ,    ,    ,    ,    ,    
165,   ,   ,    ,    ,    ,    ,    ,    ,    ,    ,    ,    ,    ,    ,    ,    ,    ,    
166,   ,   ,    ,    ,    ,    ,    ,    ,    ,    ,    ,    ,    ,    ,    ,    ,    ,    
167,   ,   ,    ,    ,    ,    ,    ,    ,    ,    ,    ,    ,    ,    ,    ,    ,    ,    
168,   ,   ,    ,    ,    ,    ,    ,    ,    ,    ,    ,    ,    ,    ,    ,    ,    ,    
169,   ,   ,    ,    ,    ,    ,    ,    ,    ,    ,    ,    ,    ,    ,    ,    ,    ,    
170,   ,   ,    ,    ,    ,    ,    ,    ,    ,    ,    ,    ,    ,    ,    ,    ,    ,    
171,   ,   ,    ,    ,    ,    ,    ,    ,    ,    ,    ,    ,    ,    ,    ,    ,    ,    
172,   ,   ,    ,    ,    ,    ,    ,    ,    ,    ,    ,    ,    ,    ,    ,    ,    ,    
173,   ,   ,    ,    ,    ,    ,    ,    ,    ,    ,    ,    ,    ,    ,    ,    ,    ,    
174,   ,   ,    ,    ,    ,    ,    ,    ,    ,    ,    ,    ,    ,    ,    ,    ,    ,    
175,   ,   ,    ,    ,    ,    ,    ,    ,    ,    ,    ,    ,    ,    ,    ,    ,    ,    
176,   ,   ,    ,    ,    ,    ,    ,    ,    ,    ,    ,    ,    ,    ,    ,    ,    ,    
177,   ,   ,    ,    ,    ,    ,    ,    ,    ,    ,    ,    ,    ,    ,    ,    ,    ,    
178,   ,   ,    ,    ,    ,    ,    ,    ,    ,    ,    ,    ,    ,    ,    ,    ,    ,    
179,   ,   ,    ,    ,    ,    ,    ,    ,    ,    ,    ,    ,    ,    ,    ,    ,    ,    
180,   ,   ,    ,    ,    ,    ,    ,    ,    ,    ,    ,    ,    ,    ,    ,    ,    ,    
181,   ,   ,    ,    ,    ,    ,    ,    ,    ,    ,    ,    ,    ,    ,    ,    ,    ,    
182,   ,   ,    ,    ,    ,    ,    ,    ,    ,    ,    ,    ,    ,    ,    ,    ,    ,    
183,   ,   ,    ,    ,    ,    ,    ,    ,    ,    ,    ,    ,    ,    ,    ,    ,    ,    
184,   ,   ,    ,    ,    ,    ,    ,    ,    ,    ,    ,    ,    ,    ,    ,    ,    ,    
185,   ,   ,    ,    ,    ,    ,    ,    ,    ,    ,    ,    ,    ,    ,    ,    ,    ,    
186,   ,   ,    ,    ,    ,    ,    ,    ,    ,    ,    ,    ,    ,    ,    ,    ,    ,    
187,   ,   ,    ,    ,    ,    ,    ,    ,    ,    ,    ,    ,    ,    ,    ,    ,    ,    
188,   ,   ,    ,    ,    ,    ,    ,    ,    ,    ,    ,    ,    ,    ,    ,    ,    ,    
189,   ,   ,    ,    ,    ,    ,    ,    ,    ,    ,    ,    ,    ,    ,    ,    ,    ,    
190,   ,   ,    ,    ,    ,    ,    ,    ,    ,    ,    ,    ,    ,    ,    ,    ,    ,    
191,   ,   ,    ,    ,    ,    ,    ,    ,    ,    ,    ,    ,    ,    ,    ,    ,    ,    
192,   ,   ,    ,    ,    ,    ,    ,    ,    ,    ,    ,    ,    ,    ,    ,    ,    ,    
193,   ,   ,    ,    ,    ,    ,    ,    ,    ,    ,    ,    ,    ,    ,    ,    ,    ,    
194,   ,   ,    ,    ,    ,    ,    ,    ,    ,    ,    ,    ,    ,    ,    ,    ,    ,    
195,   ,   ,    ,    ,    ,    ,    ,    ,    ,    ,    ,    ,    ,    ,    ,    ,    ,    
196,   ,   ,    ,    ,    ,    ,    ,    ,    ,    ,    ,    ,    ,    ,    ,    ,    ,    
197,   ,   ,    ,    ,    ,    ,    ,    ,    ,    ,    ,    ,    ,    ,    ,    ,    ,    
198,   ,   ,    ,    ,    ,    ,    ,    ,    ,    ,    ,    ,    ,    ,    ,    ,    ,    
199,   ,   ,    ,    ,    ,    ,    ,    ,    ,    ,    ,    ,    ,    ,    ,    ,    ,    
200,   ,   ,    ,    ,    ,    ,    ,    ,    ,    ,    ,    ,    ,    ,    ,    ,    ,    
201,   ,   ,    ,    ,    ,    ,    ,    ,    ,    ,    ,    ,    ,    ,    ,    ,    ,    
202,   ,   ,    ,    ,    ,    ,    ,    ,    ,    ,    ,    ,    ,    ,    ,    ,    ,    
203,   ,   ,    ,    ,    ,    ,    ,    ,    ,    ,    ,    ,    ,    ,    ,    ,    ,    
204,   ,   ,    ,    ,    ,    ,    ,    ,    ,    ,    ,    ,    ,    ,    ,    ,    ,    
205,   ,   ,    ,    ,    ,    ,    ,    ,    ,    ,    ,    ,    ,    ,    ,    ,    ,    
206,   ,   ,    ,    ,    ,    ,    ,    ,    ,    ,    ,    ,    ,    ,    ,    ,    ,    
207,   ,   ,    ,    ,    ,    ,    ,    ,    ,    ,    ,    ,    ,    ,    ,    ,    ,    
208,   ,   ,    ,    ,    ,    ,    ,    ,    ,    ,    ,    ,    ,    ,    ,    ,    ,    
209,   ,   ,    ,    ,    ,    ,    ,    ,    ,    ,    ,    ,    ,    ,    ,    ,    ,    
210,   ,   ,    ,    ,    ,    ,    ,    ,    ,    ,    ,    ,    ,    ,    ,    ,    ,    
211,   ,   ,    ,    ,    ,    ,    ,    ,    ,    ,    ,    ,    ,    ,    ,    ,    ,    
212,   ,   ,    ,    ,    ,    ,    ,    ,    ,    ,    ,    ,    ,    ,    ,    ,    ,    
213,   ,   ,    ,    ,    ,    ,    ,    ,    ,    ,    ,    ,    ,    ,    ,    ,    ,    
214,   ,   ,    ,    ,    ,    ,    ,    ,    ,    ,    ,    ,    ,    ,    ,    ,    ,    
215,   ,   ,    ,    ,    ,    ,    ,    ,    ,    ,    ,    ,    ,    ,    ,    ,    ,    
216,   ,   ,    ,    ,    ,    ,    ,    ,    ,    ,    ,    ,    ,    ,    ,    ,    ,    
217,   ,   ,    ,    ,    ,    ,    ,    ,    ,    ,    ,    ,    ,    ,    ,    ,    ,    
218,   ,   ,    ,    ,    ,    ,    ,    ,    ,    ,    ,    ,    ,    ,    ,    ,    ,    
219,   ,   ,    ,    ,    ,    ,    ,    ,    ,    ,    ,    ,    ,    ,    ,    ,    ,    
220,   ,   ,    ,    ,    ,    ,    ,    ,    ,    ,    ,    ,    ,    ,    ,    ,    ,    
221,   ,   ,    ,    ,    ,    ,    ,    ,    ,    ,    ,    ,    ,    ,    ,    ,    ,    
222,   ,   ,    ,    ,    ,    ,    ,    ,    ,    ,    ,    ,    ,    ,    ,    ,    ,    
223,   ,   ,    ,    ,    ,    ,    ,    ,    ,    ,    ,    ,    ,    ,    ,    ,    ,    
224,   ,   ,    ,    ,    ,    ,    ,    ,    ,    ,    ,    ,    ,    ,    ,    ,    ,    
225,   ,   ,    ,    ,    ,    ,    ,    ,    ,    ,    ,    ,    ,    ,    ,    ,    ,    
226,   ,   ,    ,    ,    ,    ,    ,    ,    ,    ,    ,    ,    ,    ,    ,    ,    ,    
227,   ,   ,    ,    ,    ,    ,    ,    ,    ,    ,    ,    ,    ,    ,    ,    ,    ,    
228,   ,   ,    ,    ,    ,    ,    ,    ,    ,    ,    ,    ,    ,    ,    ,    ,    ,    
229,   ,   ,    ,    ,    ,    ,    ,    ,    ,    ,    ,    ,    ,    ,    ,    ,    ,    
230,   ,   ,    ,    ,    ,    ,    ,    ,    ,    ,    ,    ,    ,    ,    ,    ,    ,    
231,   ,   ,    ,    ,    ,    ,    ,    ,    ,    ,    ,    ,    ,    ,    ,    ,    ,    
232,   ,   ,    ,    ,    ,    ,    ,    ,    ,    ,    ,    ,    ,    ,    ,    ,    ,    
233,   ,   ,    ,    ,    ,    ,    ,    ,    ,    ,    ,    ,    ,    ,    ,    ,    ,    
234,   ,   ,    ,    ,    ,    ,    ,    ,    ,    ,    ,    ,    ,    ,    ,    ,    ,    
235,   ,   ,    ,    ,    ,    ,    ,    ,    ,    ,    ,    ,    ,    ,    ,    ,    ,    
236,   ,   ,    ,    ,    ,    ,    ,    ,    ,    ,    ,    ,    ,    ,    ,    ,    ,    
237,   ,   ,    ,    ,    ,    ,    ,    ,    ,    ,    ,    ,    ,    ,    ,    ,    ,    
238,   ,   ,    ,    ,    ,    ,    ,    ,    ,    ,    ,    ,    ,    ,    ,    ,    ,    
239,   ,   ,    ,    ,    ,    ,    ,    ,    ,    ,    ,    ,    ,    ,    ,    ,    ,    
240,   ,   ,    ,    ,    ,    ,    ,    ,    ,    ,    ,    ,    ,    ,    ,    ,    ,    
241,   ,   ,    ,    ,    ,    ,    ,    ,    ,    ,    ,    ,    ,    ,    ,    ,    ,    
242,   ,   ,    ,    ,    ,    ,    ,    ,    ,    ,    ,    ,    ,    ,    ,    ,    ,    
243,   ,   ,    ,    ,    ,    ,    ,    ,    ,    ,    ,    ,    ,    ,    ,    ,    ,    
244,   ,   ,    ,    ,    ,    ,    ,    ,    ,    ,    ,    ,    ,    ,    ,    ,    ,    
245,   ,   ,    ,    ,    ,    ,    ,    ,    ,    ,    ,    ,    ,    ,    ,    ,    ,    
246,   ,   ,    ,    ,    ,    ,    ,    ,    ,    ,    ,    ,    ,    ,    ,    ,    ,    
247,   ,   ,    ,    ,    ,    ,    ,    ,    ,    ,    ,    ,    ,    ,    ,    ,    ,    
248,   ,   ,    ,    ,    ,    ,    ,    ,    ,    ,    ,    ,    ,    ,    ,    ,    ,    
249,   ,   ,    ,    ,    ,    ,    ,    ,    ,    ,    ,    ,    ,    ,    ,    ,    ,    
250,   ,   ,    ,    ,    ,    ,    ,    ,    ,    ,    ,    ,    ,    ,    ,    ,    ,    
251,   ,   ,    ,    ,    ,    ,    ,    ,    ,    ,    ,    ,    ,    ,    ,    ,    ,    
252,   ,   ,    ,    ,    ,    ,    ,    ,    ,    ,    ,    ,    ,    ,    ,    ,    ,    
253,   ,   ,    ,    ,    ,    ,    ,    ,    ,    ,    ,    ,    ,    ,    ,    ,    ,    
254,   ,   ,    ,    ,    ,    ,    ,    ,    ,    ,    ,    ,    ,    ,    ,    ,    ,    
255,   ,   ,    ,    ,    ,    ,    ,    ,    ,    ,    ,    ,    ,    ,    ,    ,    ,    
